<?xml version="1.0" encoding="UTF-8"?>
<!-- Generated by org.testng.reporters.JUnitXMLReporter -->
<testsuite ignored="0" hostname="USQROYRUIZSANC1" failures="0" tests="9" name="Default test" time="27.056" errors="0" timestamp="2024-09-23T17:49:04 CST">
  <testcase classname="com.qa.test.TestCase" name="validateBtn1" time="0.635"/>
  <testcase classname="com.qa.test.TestCase" name="validateBtn2" time="0.06"/>
  <testcase classname="com.qa.test.TestCase" name="validateBtn3" time="0.065"/>
  <testcase classname="com.qa.test.TestCase" name="validateEnableActionsText" time="0.067"/>
  <testcase classname="com.qa.test.TestCase" name="validateEnableRevealText" time="0.056"/>
  <testcase classname="com.qa.test.TestCase" name="validateHamburgerMenu" time="0.05"/>
  <testcase classname="com.qa.test.TestCase" name="validateSlowMotionText" time="0.069"/>
  <testcase classname="com.qa.test.TestCase" name="validateIfRevealAndActionAreChecked" time="0.17"/>
  <testcase classname="com.qa.test.TestCase" name="validateAfterChangingColor" time="1.922"/>
</testsuite> <!-- Default test -->
