<?xml version="1.0" encoding="UTF-8"?>
<!-- Generated by org.testng.reporters.JUnitXMLReporter -->
<testsuite ignored="0" hostname="USQROYRUIZSANC1" failures="0" tests="9" name="Test" time="29.885" errors="0" timestamp="2024-09-23T17:55:48 CST">
  <testcase classname="com.qa.test.TestCase" name="validateBtn1" time="0.76"/>
  <testcase classname="com.qa.test.TestCase" name="validateBtn2" time="0.125"/>
  <testcase classname="com.qa.test.TestCase" name="validateBtn3" time="0.192"/>
  <testcase classname="com.qa.test.TestCase" name="validateEnableActionsText" time="0.115"/>
  <testcase classname="com.qa.test.TestCase" name="validateEnableRevealText" time="0.16"/>
  <testcase classname="com.qa.test.TestCase" name="validateHamburgerMenu" time="0.119"/>
  <testcase classname="com.qa.test.TestCase" name="validateSlowMotionText" time="0.1"/>
  <testcase classname="com.qa.test.TestCase" name="validateIfRevealAndActionAreChecked" time="0.305"/>
  <testcase classname="com.qa.test.TestCase" name="validateAfterChangingColor" time="1.446"/>
</testsuite> <!-- Test -->
