<?xml version="1.0" encoding="UTF-8"?>
<!-- Generated by org.testng.reporters.JUnitXMLReporter -->
<testsuite ignored="0" hostname="USQROYRUIZSANC1" failures="0" tests="9" name="Test" time="24.107" errors="0" timestamp="2024-09-23T18:01:47 CST">
  <testcase classname="com.qa.test.TestCase" name="validateBtn1" time="0.555"/>
  <testcase classname="com.qa.test.TestCase" name="validateBtn2" time="0.048"/>
  <testcase classname="com.qa.test.TestCase" name="validateBtn3" time="0.045"/>
  <testcase classname="com.qa.test.TestCase" name="validateEnableActionsText" time="0.053"/>
  <testcase classname="com.qa.test.TestCase" name="validateEnableRevealText" time="0.049"/>
  <testcase classname="com.qa.test.TestCase" name="validateHamburgerMenu" time="0.047"/>
  <testcase classname="com.qa.test.TestCase" name="validateSlowMotionText" time="0.049"/>
  <testcase classname="com.qa.test.TestCase" name="validateIfRevealAndActionAreChecked" time="0.123"/>
  <testcase classname="com.qa.test.TestCase" name="validateAfterChangingColor" time="1.267"/>
</testsuite> <!-- Test -->
