<?xml version="1.0" encoding="UTF-8"?>
<testsuite xmlns:xsi="http://www.w3.org/2001/XMLSchema-instance" xsi:noNamespaceSchemaLocation="https://maven.apache.org/surefire/maven-surefire-plugin/xsd/surefire-test-report-3.0.xsd" version="3.0" name="TestSuite" time="24.507" tests="9" errors="0" skipped="0" failures="0">
  <properties>
[...]
</properties>
  <testcase name="validateBtn1" classname="com.qa.test.TestCase" time="0.556">
    <system-out><![CDATA[[INFO ] 2024-09-23 18:01:24.372 ServerManager:19 - starting appium server
&amp#27;[38;5;112m[Appium]&amp#27;[0m Welcome to Appium v2.11.3
&amp#27;[38;5;112m[Appium]&amp#27;[0m Non-default server args:
&amp#27;[38;5;112m[Appium]&amp#27;[0m { port: &amp#27;[33m29201&amp#27;[39m, sessionOverride: &amp#27;[33mtrue&amp#27;[39m }
&amp#27;[38;5;112m[Appium]&amp#27;[0m The autodetected Appium home path: C:\Users\yruizsanchez\.appium
&amp#27;[38;5;112m[Appium]&amp#27;[0m Attempting to load driver uiautomator2...
&amp#27;[38;5;112m[Appium]&amp#27;[0m Requiring driver at C:\Users\yruizsanchez\.appium\node_modules\appium-uiautomator2-driver\build\index.js
&amp#27;[38;5;112m[Appium]&amp#27;[0m AndroidUiautomator2Driver has been successfully loaded in 1.802s
&amp#27;[38;5;112m[Appium]&amp#27;[0m Appium REST http interface listener started on http://0.0.0.0:29201
&amp#27;[38;5;112m[Appium]&amp#27;[0m You can provide the following URLs in your client code to connect to this server:
	http://192.168.1.83:29201/
	http://127.0.0.1:29201/ (only accessible from the same host)
&amp#27;[38;5;112m[Appium]&amp#27;[0m Available drivers:
&amp#27;[38;5;112m[Appium]&amp#27;[0m   - uiautomator2@3.7.9 (automationName 'UiAutomator2')
&amp#27;[38;5;112m[Appium]&amp#27;[0m No plugins have been installed. Use the "appium plugin" command to install the one(s) you want to use.
&amp#27;[38;5;86m[HTTP]&amp#27;[0m &amp#27;[37m-->&amp#27;[39m &amp#27;[37mGET&amp#27;[39m &amp#27;[37m/status&amp#27;[39m &amp#27;[90m{}&amp#27;[39m
&amp#27;[38;5;35m[AppiumDriver@edaa]&amp#27;[0m Calling AppiumDriver.getStatus() with args: []
&amp#27;[38;5;35m[AppiumDriver@edaa]&amp#27;[0m Responding to client with driver.getStatus() result: {"ready":true,"message":"The server is ready to accept new connections","build":{"version":"2.11.3"}}
&amp#27;[38;5;86m[HTTP]&amp#27;[0m &amp#27;[37m<-- GET /status &amp#27;[39m&amp#27;[32m200&amp#27;[39m &amp#27;[90m3 ms - 111&amp#27;[39m &amp#27;[90m&amp#27;[39m
&amp#27;[38;5;86m[HTTP]&amp#27;[0m &amp#27;[37m-->&amp#27;[39m &amp#27;[37mGET&amp#27;[39m &amp#27;[37m/status&amp#27;[39m &amp#27;[90m{}&amp#27;[39m
&amp#27;[38;5;35m[AppiumDriver@edaa]&amp#27;[0m Calling AppiumDriver.getStatus() with args: []
&amp#27;[38;5;35m[AppiumDriver@edaa]&amp#27;[0m Responding to client with driver.getStatus() result: {"ready":true,"message":"The server is ready to accept new connections","build":{"version":"2.11.3"}}
[INFO ] 2024-09-23 18:01:30.330 ServerManager:28 - Appium server started
[INFO ] 2024-09-23 18:01:30.342 DriverManager:25 - initializing Appium driver
[INFO ] 2024-09-23 18:01:30.360 PropertyManager:17 - loading config properties
[INFO ] 2024-09-23 18:01:38.559 DriverManager:29 - Driver is initialized
[INFO ] 2024-09-23 18:01:38.564 VideoManager:16 - Starting recording
]]></system-out>
    <system-err><![CDATA[SLF4J(W): No SLF4J providers were found.
SLF4J(W): Defaulting to no-operation (NOP) logger implementation
SLF4J(W): See https://www.slf4j.org/codes.html#noProviders for further details.
]]></system-err>
  </testcase>
  <testcase name="validateBtn2" classname="com.qa.test.TestCase" time="0.045">
    <system-out><![CDATA[[INFO ] 2024-09-23 18:01:40.500 ScreenshotManager:22 - Screenshot taken and saved at:Screenshots\emulator-5554_Pixel_5_API_31\2024-09-23-18-01-38\\validateBtn12024-09-23-18-01-40.png
]]></system-out>
  </testcase>
  <testcase name="validateBtn3" classname="com.qa.test.TestCase" time="0.042">
    <system-out><![CDATA[[INFO ] 2024-09-23 18:01:40.793 ScreenshotManager:22 - Screenshot taken and saved at:Screenshots\emulator-5554_Pixel_5_API_31\2024-09-23-18-01-38\\validateBtn22024-09-23-18-01-40.png
]]></system-out>
  </testcase>
  <testcase name="validateEnableActionsText" classname="com.qa.test.TestCase" time="0.052">
    <system-out><![CDATA[[INFO ] 2024-09-23 18:01:41.039 ScreenshotManager:22 - Screenshot taken and saved at:Screenshots\emulator-5554_Pixel_5_API_31\2024-09-23-18-01-38\\validateBtn32024-09-23-18-01-41.png
]]></system-out>
  </testcase>
  <testcase name="validateEnableRevealText" classname="com.qa.test.TestCase" time="0.046">
    <system-out><![CDATA[[INFO ] 2024-09-23 18:01:41.439 ScreenshotManager:22 - Screenshot taken and saved at:Screenshots\emulator-5554_Pixel_5_API_31\2024-09-23-18-01-38\\validateEnableActionsText2024-09-23-18-01-41.png
]]></system-out>
  </testcase>
  <testcase name="validateHamburgerMenu" classname="com.qa.test.TestCase" time="0.045">
    <system-out><![CDATA[[INFO ] 2024-09-23 18:01:41.719 ScreenshotManager:22 - Screenshot taken and saved at:Screenshots\emulator-5554_Pixel_5_API_31\2024-09-23-18-01-38\\validateEnableRevealText2024-09-23-18-01-41.png
]]></system-out>
  </testcase>
  <testcase name="validateSlowMotionText" classname="com.qa.test.TestCase" time="0.047">
    <system-out><![CDATA[[INFO ] 2024-09-23 18:01:41.993 ScreenshotManager:22 - Screenshot taken and saved at:Screenshots\emulator-5554_Pixel_5_API_31\2024-09-23-18-01-38\\validateHamburgerMenu2024-09-23-18-01-41.png
]]></system-out>
  </testcase>
  <testcase name="validateIfRevealAndActionAreChecked" classname="com.qa.test.TestCase" time="0.121">
    <system-out><![CDATA[[INFO ] 2024-09-23 18:01:42.279 ScreenshotManager:22 - Screenshot taken and saved at:Screenshots\emulator-5554_Pixel_5_API_31\2024-09-23-18-01-38\\validateSlowMotionText2024-09-23-18-01-42.png
]]></system-out>
  </testcase>
  <testcase name="validateAfterChangingColor" classname="com.qa.test.TestCase" time="1.265">
    <system-out><![CDATA[[INFO ] 2024-09-23 18:01:42.634 ScreenshotManager:22 - Screenshot taken and saved at:Screenshots\emulator-5554_Pixel_5_API_31\2024-09-23-18-01-38\\validateIfRevealAndActionAreChecked2024-09-23-18-01-42.png
]]></system-out>
  </testcase>
</testsuite>