<?xml version="1.0" encoding="UTF-8"?>
<testng-results ignored="0" total="9" passed="9" failed="0" skipped="0">
  <reporter-output>
    <line>
      <![CDATA[This is the sample screenshot from validateBtn1]]>
    </line>
    <line>
      <![CDATA[<a href='C:\Users\yruizsanchez\Workspaces\Appium-for-begginer\Week2TestingTest\Screenshots\emulator-5554_Pixel_5_API_31\2024-09-23-18-01-38\\validateBtn12024-09-23-18-01-40.png'> <img src='C:\Users\yruizsanchez\Workspaces\Appium-for-begginer\Week2TestingTest\Screenshots\emulator-5554_Pixel_5_API_31\2024-09-23-18-01-38\\validateBtn12024-09-23-18-01-40.png' height='100' + width='100'/></a>]]>
    </line>
    <line>
      <![CDATA[This is the sample screenshot from validateBtn2]]>
    </line>
    <line>
      <![CDATA[<a href='C:\Users\yruizsanchez\Workspaces\Appium-for-begginer\Week2TestingTest\Screenshots\emulator-5554_Pixel_5_API_31\2024-09-23-18-01-38\\validateBtn22024-09-23-18-01-40.png'> <img src='C:\Users\yruizsanchez\Workspaces\Appium-for-begginer\Week2TestingTest\Screenshots\emulator-5554_Pixel_5_API_31\2024-09-23-18-01-38\\validateBtn22024-09-23-18-01-40.png' height='100' + width='100'/></a>]]>
    </line>
    <line>
      <![CDATA[This is the sample screenshot from validateBtn3]]>
    </line>
    <line>
      <![CDATA[<a href='C:\Users\yruizsanchez\Workspaces\Appium-for-begginer\Week2TestingTest\Screenshots\emulator-5554_Pixel_5_API_31\2024-09-23-18-01-38\\validateBtn32024-09-23-18-01-41.png'> <img src='C:\Users\yruizsanchez\Workspaces\Appium-for-begginer\Week2TestingTest\Screenshots\emulator-5554_Pixel_5_API_31\2024-09-23-18-01-38\\validateBtn32024-09-23-18-01-41.png' height='100' + width='100'/></a>]]>
    </line>
    <line>
      <![CDATA[This is the sample screenshot from validateEnableActionsText]]>
    </line>
    <line>
      <![CDATA[<a href='C:\Users\yruizsanchez\Workspaces\Appium-for-begginer\Week2TestingTest\Screenshots\emulator-5554_Pixel_5_API_31\2024-09-23-18-01-38\\validateEnableActionsText2024-09-23-18-01-41.png'> <img src='C:\Users\yruizsanchez\Workspaces\Appium-for-begginer\Week2TestingTest\Screenshots\emulator-5554_Pixel_5_API_31\2024-09-23-18-01-38\\validateEnableActionsText2024-09-23-18-01-41.png' height='100' + width='100'/></a>]]>
    </line>
    <line>
      <![CDATA[This is the sample screenshot from validateEnableRevealText]]>
    </line>
    <line>
      <![CDATA[<a href='C:\Users\yruizsanchez\Workspaces\Appium-for-begginer\Week2TestingTest\Screenshots\emulator-5554_Pixel_5_API_31\2024-09-23-18-01-38\\validateEnableRevealText2024-09-23-18-01-41.png'> <img src='C:\Users\yruizsanchez\Workspaces\Appium-for-begginer\Week2TestingTest\Screenshots\emulator-5554_Pixel_5_API_31\2024-09-23-18-01-38\\validateEnableRevealText2024-09-23-18-01-41.png' height='100' + width='100'/></a>]]>
    </line>
    <line>
      <![CDATA[This is the sample screenshot from validateHamburgerMenu]]>
    </line>
    <line>
      <![CDATA[<a href='C:\Users\yruizsanchez\Workspaces\Appium-for-begginer\Week2TestingTest\Screenshots\emulator-5554_Pixel_5_API_31\2024-09-23-18-01-38\\validateHamburgerMenu2024-09-23-18-01-41.png'> <img src='C:\Users\yruizsanchez\Workspaces\Appium-for-begginer\Week2TestingTest\Screenshots\emulator-5554_Pixel_5_API_31\2024-09-23-18-01-38\\validateHamburgerMenu2024-09-23-18-01-41.png' height='100' + width='100'/></a>]]>
    </line>
    <line>
      <![CDATA[This is the sample screenshot from validateSlowMotionText]]>
    </line>
    <line>
      <![CDATA[<a href='C:\Users\yruizsanchez\Workspaces\Appium-for-begginer\Week2TestingTest\Screenshots\emulator-5554_Pixel_5_API_31\2024-09-23-18-01-38\\validateSlowMotionText2024-09-23-18-01-42.png'> <img src='C:\Users\yruizsanchez\Workspaces\Appium-for-begginer\Week2TestingTest\Screenshots\emulator-5554_Pixel_5_API_31\2024-09-23-18-01-38\\validateSlowMotionText2024-09-23-18-01-42.png' height='100' + width='100'/></a>]]>
    </line>
    <line>
      <![CDATA[This is the sample screenshot from validateIfRevealAndActionAreChecked]]>
    </line>
    <line>
      <![CDATA[<a href='C:\Users\yruizsanchez\Workspaces\Appium-for-begginer\Week2TestingTest\Screenshots\emulator-5554_Pixel_5_API_31\2024-09-23-18-01-38\\validateIfRevealAndActionAreChecked2024-09-23-18-01-42.png'> <img src='C:\Users\yruizsanchez\Workspaces\Appium-for-begginer\Week2TestingTest\Screenshots\emulator-5554_Pixel_5_API_31\2024-09-23-18-01-38\\validateIfRevealAndActionAreChecked2024-09-23-18-01-42.png' height='100' + width='100'/></a>]]>
    </line>
    <line>
      <![CDATA[This is the sample screenshot from validateAfterChangingColor]]>
    </line>
    <line>
      <![CDATA[<a href='C:\Users\yruizsanchez\Workspaces\Appium-for-begginer\Week2TestingTest\Screenshots\emulator-5554_Pixel_5_API_31\2024-09-23-18-01-38\\validateAfterChangingColor2024-09-23-18-01-45.png'> <img src='C:\Users\yruizsanchez\Workspaces\Appium-for-begginer\Week2TestingTest\Screenshots\emulator-5554_Pixel_5_API_31\2024-09-23-18-01-38\\validateAfterChangingColor2024-09-23-18-01-45.png' height='100' + width='100'/></a>]]>
    </line>
  </reporter-output>
  <suite started-at="2024-09-23T18:01:23 CST" name="Suite" finished-at="2024-09-23T18:01:47 CST" duration-ms="24107">
    <groups>
    </groups>
    <test started-at="2024-09-23T18:01:23 CST" name="Test" finished-at="2024-09-23T18:01:47 CST" duration-ms="24107">
      <class name="com.qa.test.TestCase">
        <test-method is-config="true" signature="beforeClass()[pri:0, instance:com.qa.test.TestCase@6a01e23]" started-at="2024-09-23T18:01:23 CST" name="beforeClass" finished-at="2024-09-23T18:01:39 CST" duration-ms="15802" status="PASS">
          <reporter-output>
          </reporter-output>
        </test-method> <!-- beforeClass -->
        <test-method signature="validateBtn1()[pri:0, instance:com.qa.test.TestCase@6a01e23]" started-at="2024-09-23T18:01:39 CST" name="validateBtn1" finished-at="2024-09-23T18:01:40 CST" duration-ms="555" status="PASS">
          <reporter-output>
          </reporter-output>
        </test-method> <!-- validateBtn1 -->
        <test-method is-config="true" signature="afterMethod(java.lang.reflect.Method)[pri:0, instance:com.qa.test.TestCase@6a01e23]" started-at="2024-09-23T18:01:40 CST" name="afterMethod" finished-at="2024-09-23T18:01:40 CST" duration-ms="273" status="PASS">
          <params>
            <param index="0">
              <value>
                <![CDATA[public void com.qa.test.TestCase.validateBtn1()]]>
              </value>
            </param>
          </params>
          <reporter-output>
            <line>
              <![CDATA[This is the sample screenshot from validateBtn1]]>
            </line>
            <line>
              <![CDATA[<a href='C:\Users\yruizsanchez\Workspaces\Appium-for-begginer\Week2TestingTest\Screenshots\emulator-5554_Pixel_5_API_31\2024-09-23-18-01-38\\validateBtn12024-09-23-18-01-40.png'> <img src='C:\Users\yruizsanchez\Workspaces\Appium-for-begginer\Week2TestingTest\Screenshots\emulator-5554_Pixel_5_API_31\2024-09-23-18-01-38\\validateBtn12024-09-23-18-01-40.png' height='100' + width='100'/></a>]]>
            </line>
          </reporter-output>
        </test-method> <!-- afterMethod -->
        <test-method signature="validateBtn2()[pri:0, instance:com.qa.test.TestCase@6a01e23]" started-at="2024-09-23T18:01:40 CST" name="validateBtn2" finished-at="2024-09-23T18:01:40 CST" duration-ms="48" status="PASS">
          <reporter-output>
          </reporter-output>
        </test-method> <!-- validateBtn2 -->
        <test-method is-config="true" signature="afterMethod(java.lang.reflect.Method)[pri:0, instance:com.qa.test.TestCase@6a01e23]" started-at="2024-09-23T18:01:40 CST" name="afterMethod" finished-at="2024-09-23T18:01:40 CST" duration-ms="243" status="PASS">
          <params>
            <param index="0">
              <value>
                <![CDATA[public void com.qa.test.TestCase.validateBtn2()]]>
              </value>
            </param>
          </params>
          <reporter-output>
            <line>
              <![CDATA[This is the sample screenshot from validateBtn2]]>
            </line>
            <line>
              <![CDATA[<a href='C:\Users\yruizsanchez\Workspaces\Appium-for-begginer\Week2TestingTest\Screenshots\emulator-5554_Pixel_5_API_31\2024-09-23-18-01-38\\validateBtn22024-09-23-18-01-40.png'> <img src='C:\Users\yruizsanchez\Workspaces\Appium-for-begginer\Week2TestingTest\Screenshots\emulator-5554_Pixel_5_API_31\2024-09-23-18-01-38\\validateBtn22024-09-23-18-01-40.png' height='100' + width='100'/></a>]]>
            </line>
          </reporter-output>
        </test-method> <!-- afterMethod -->
        <test-method signature="validateBtn3()[pri:0, instance:com.qa.test.TestCase@6a01e23]" started-at="2024-09-23T18:01:40 CST" name="validateBtn3" finished-at="2024-09-23T18:01:40 CST" duration-ms="45" status="PASS">
          <reporter-output>
          </reporter-output>
        </test-method> <!-- validateBtn3 -->
        <test-method is-config="true" signature="afterMethod(java.lang.reflect.Method)[pri:0, instance:com.qa.test.TestCase@6a01e23]" started-at="2024-09-23T18:01:40 CST" name="afterMethod" finished-at="2024-09-23T18:01:41 CST" duration-ms="200" status="PASS">
          <params>
            <param index="0">
              <value>
                <![CDATA[public void com.qa.test.TestCase.validateBtn3()]]>
              </value>
            </param>
          </params>
          <reporter-output>
            <line>
              <![CDATA[This is the sample screenshot from validateBtn3]]>
            </line>
            <line>
              <![CDATA[<a href='C:\Users\yruizsanchez\Workspaces\Appium-for-begginer\Week2TestingTest\Screenshots\emulator-5554_Pixel_5_API_31\2024-09-23-18-01-38\\validateBtn32024-09-23-18-01-41.png'> <img src='C:\Users\yruizsanchez\Workspaces\Appium-for-begginer\Week2TestingTest\Screenshots\emulator-5554_Pixel_5_API_31\2024-09-23-18-01-38\\validateBtn32024-09-23-18-01-41.png' height='100' + width='100'/></a>]]>
            </line>
          </reporter-output>
        </test-method> <!-- afterMethod -->
        <test-method signature="validateEnableActionsText()[pri:0, instance:com.qa.test.TestCase@6a01e23]" started-at="2024-09-23T18:01:41 CST" name="validateEnableActionsText" finished-at="2024-09-23T18:01:41 CST" duration-ms="53" status="PASS">
          <reporter-output>
          </reporter-output>
        </test-method> <!-- validateEnableActionsText -->
        <test-method is-config="true" signature="afterMethod(java.lang.reflect.Method)[pri:0, instance:com.qa.test.TestCase@6a01e23]" started-at="2024-09-23T18:01:41 CST" name="afterMethod" finished-at="2024-09-23T18:01:41 CST" duration-ms="346" status="PASS">
          <params>
            <param index="0">
              <value>
                <![CDATA[public void com.qa.test.TestCase.validateEnableActionsText()]]>
              </value>
            </param>
          </params>
          <reporter-output>
            <line>
              <![CDATA[This is the sample screenshot from validateEnableActionsText]]>
            </line>
            <line>
              <![CDATA[<a href='C:\Users\yruizsanchez\Workspaces\Appium-for-begginer\Week2TestingTest\Screenshots\emulator-5554_Pixel_5_API_31\2024-09-23-18-01-38\\validateEnableActionsText2024-09-23-18-01-41.png'> <img src='C:\Users\yruizsanchez\Workspaces\Appium-for-begginer\Week2TestingTest\Screenshots\emulator-5554_Pixel_5_API_31\2024-09-23-18-01-38\\validateEnableActionsText2024-09-23-18-01-41.png' height='100' + width='100'/></a>]]>
            </line>
          </reporter-output>
        </test-method> <!-- afterMethod -->
        <test-method signature="validateEnableRevealText()[pri:0, instance:com.qa.test.TestCase@6a01e23]" started-at="2024-09-23T18:01:41 CST" name="validateEnableRevealText" finished-at="2024-09-23T18:01:41 CST" duration-ms="49" status="PASS">
          <reporter-output>
          </reporter-output>
        </test-method> <!-- validateEnableRevealText -->
        <test-method is-config="true" signature="afterMethod(java.lang.reflect.Method)[pri:0, instance:com.qa.test.TestCase@6a01e23]" started-at="2024-09-23T18:01:41 CST" name="afterMethod" finished-at="2024-09-23T18:01:41 CST" duration-ms="230" status="PASS">
          <params>
            <param index="0">
              <value>
                <![CDATA[public void com.qa.test.TestCase.validateEnableRevealText()]]>
              </value>
            </param>
          </params>
          <reporter-output>
            <line>
              <![CDATA[This is the sample screenshot from validateEnableRevealText]]>
            </line>
            <line>
              <![CDATA[<a href='C:\Users\yruizsanchez\Workspaces\Appium-for-begginer\Week2TestingTest\Screenshots\emulator-5554_Pixel_5_API_31\2024-09-23-18-01-38\\validateEnableRevealText2024-09-23-18-01-41.png'> <img src='C:\Users\yruizsanchez\Workspaces\Appium-for-begginer\Week2TestingTest\Screenshots\emulator-5554_Pixel_5_API_31\2024-09-23-18-01-38\\validateEnableRevealText2024-09-23-18-01-41.png' height='100' + width='100'/></a>]]>
            </line>
          </reporter-output>
        </test-method> <!-- afterMethod -->
        <test-method signature="validateHamburgerMenu()[pri:0, instance:com.qa.test.TestCase@6a01e23]" started-at="2024-09-23T18:01:41 CST" name="validateHamburgerMenu" finished-at="2024-09-23T18:01:41 CST" duration-ms="47" status="PASS">
          <reporter-output>
          </reporter-output>
        </test-method> <!-- validateHamburgerMenu -->
        <test-method is-config="true" signature="afterMethod(java.lang.reflect.Method)[pri:0, instance:com.qa.test.TestCase@6a01e23]" started-at="2024-09-23T18:01:41 CST" name="afterMethod" finished-at="2024-09-23T18:01:41 CST" duration-ms="225" status="PASS">
          <params>
            <param index="0">
              <value>
                <![CDATA[public void com.qa.test.TestCase.validateHamburgerMenu()]]>
              </value>
            </param>
          </params>
          <reporter-output>
            <line>
              <![CDATA[This is the sample screenshot from validateHamburgerMenu]]>
            </line>
            <line>
              <![CDATA[<a href='C:\Users\yruizsanchez\Workspaces\Appium-for-begginer\Week2TestingTest\Screenshots\emulator-5554_Pixel_5_API_31\2024-09-23-18-01-38\\validateHamburgerMenu2024-09-23-18-01-41.png'> <img src='C:\Users\yruizsanchez\Workspaces\Appium-for-begginer\Week2TestingTest\Screenshots\emulator-5554_Pixel_5_API_31\2024-09-23-18-01-38\\validateHamburgerMenu2024-09-23-18-01-41.png' height='100' + width='100'/></a>]]>
            </line>
          </reporter-output>
        </test-method> <!-- afterMethod -->
        <test-method signature="validateSlowMotionText()[pri:0, instance:com.qa.test.TestCase@6a01e23]" started-at="2024-09-23T18:01:41 CST" name="validateSlowMotionText" finished-at="2024-09-23T18:01:42 CST" duration-ms="49" status="PASS">
          <reporter-output>
          </reporter-output>
        </test-method> <!-- validateSlowMotionText -->
        <test-method is-config="true" signature="afterMethod(java.lang.reflect.Method)[pri:0, instance:com.qa.test.TestCase@6a01e23]" started-at="2024-09-23T18:01:42 CST" name="afterMethod" finished-at="2024-09-23T18:01:42 CST" duration-ms="236" status="PASS">
          <params>
            <param index="0">
              <value>
                <![CDATA[public void com.qa.test.TestCase.validateSlowMotionText()]]>
              </value>
            </param>
          </params>
          <reporter-output>
            <line>
              <![CDATA[This is the sample screenshot from validateSlowMotionText]]>
            </line>
            <line>
              <![CDATA[<a href='C:\Users\yruizsanchez\Workspaces\Appium-for-begginer\Week2TestingTest\Screenshots\emulator-5554_Pixel_5_API_31\2024-09-23-18-01-38\\validateSlowMotionText2024-09-23-18-01-42.png'> <img src='C:\Users\yruizsanchez\Workspaces\Appium-for-begginer\Week2TestingTest\Screenshots\emulator-5554_Pixel_5_API_31\2024-09-23-18-01-38\\validateSlowMotionText2024-09-23-18-01-42.png' height='100' + width='100'/></a>]]>
            </line>
          </reporter-output>
        </test-method> <!-- afterMethod -->
        <test-method signature="validateIfRevealAndActionAreChecked()[pri:1, instance:com.qa.test.TestCase@6a01e23]" started-at="2024-09-23T18:01:42 CST" name="validateIfRevealAndActionAreChecked" finished-at="2024-09-23T18:01:42 CST" duration-ms="123" status="PASS">
          <reporter-output>
          </reporter-output>
        </test-method> <!-- validateIfRevealAndActionAreChecked -->
        <test-method is-config="true" signature="afterMethod(java.lang.reflect.Method)[pri:0, instance:com.qa.test.TestCase@6a01e23]" started-at="2024-09-23T18:01:42 CST" name="afterMethod" finished-at="2024-09-23T18:01:42 CST" duration-ms="231" status="PASS">
          <params>
            <param index="0">
              <value>
                <![CDATA[public void com.qa.test.TestCase.validateIfRevealAndActionAreChecked()]]>
              </value>
            </param>
          </params>
          <reporter-output>
            <line>
              <![CDATA[This is the sample screenshot from validateIfRevealAndActionAreChecked]]>
            </line>
            <line>
              <![CDATA[<a href='C:\Users\yruizsanchez\Workspaces\Appium-for-begginer\Week2TestingTest\Screenshots\emulator-5554_Pixel_5_API_31\2024-09-23-18-01-38\\validateIfRevealAndActionAreChecked2024-09-23-18-01-42.png'> <img src='C:\Users\yruizsanchez\Workspaces\Appium-for-begginer\Week2TestingTest\Screenshots\emulator-5554_Pixel_5_API_31\2024-09-23-18-01-38\\validateIfRevealAndActionAreChecked2024-09-23-18-01-42.png' height='100' + width='100'/></a>]]>
            </line>
          </reporter-output>
        </test-method> <!-- afterMethod -->
        <test-method signature="validateAfterChangingColor()[pri:2, instance:com.qa.test.TestCase@6a01e23]" started-at="2024-09-23T18:01:42 CST" name="validateAfterChangingColor" finished-at="2024-09-23T18:01:43 CST" duration-ms="1267" status="PASS">
          <reporter-output>
          </reporter-output>
        </test-method> <!-- validateAfterChangingColor -->
        <test-method is-config="true" signature="afterMethod(java.lang.reflect.Method)[pri:0, instance:com.qa.test.TestCase@6a01e23]" started-at="2024-09-23T18:01:43 CST" name="afterMethod" finished-at="2024-09-23T18:01:45 CST" duration-ms="1194" status="PASS">
          <params>
            <param index="0">
              <value>
                <![CDATA[public void com.qa.test.TestCase.validateAfterChangingColor()]]>
              </value>
            </param>
          </params>
          <reporter-output>
            <line>
              <![CDATA[This is the sample screenshot from validateAfterChangingColor]]>
            </line>
            <line>
              <![CDATA[<a href='C:\Users\yruizsanchez\Workspaces\Appium-for-begginer\Week2TestingTest\Screenshots\emulator-5554_Pixel_5_API_31\2024-09-23-18-01-38\\validateAfterChangingColor2024-09-23-18-01-45.png'> <img src='C:\Users\yruizsanchez\Workspaces\Appium-for-begginer\Week2TestingTest\Screenshots\emulator-5554_Pixel_5_API_31\2024-09-23-18-01-38\\validateAfterChangingColor2024-09-23-18-01-45.png' height='100' + width='100'/></a>]]>
            </line>
          </reporter-output>
        </test-method> <!-- afterMethod -->
        <test-method is-config="true" signature="afterClass()[pri:0, instance:com.qa.test.TestCase@6a01e23]" started-at="2024-09-23T18:01:45 CST" name="afterClass" finished-at="2024-09-23T18:01:47 CST" duration-ms="2862" status="PASS">
          <reporter-output>
          </reporter-output>
        </test-method> <!-- afterClass -->
      </class> <!-- com.qa.test.TestCase -->
    </test> <!-- Test -->
  </suite> <!-- Suite -->
</testng-results>
